[07Jan2025 00:00:21.144] [Server thread/INFO] [net.minecraft.server.MinecraftServer/]: [Not Secure] <Asso0912> simon
[07Jan2025 00:00:24.243] [Server thread/INFO] [net.minecraft.server.MinecraftServer/]: [Not Secure] <Asso0912> ahi queda viejon
[07Jan2025 00:00:38.385] [Server thread/INFO] [net.minecraft.server.MinecraftServer/]: [Not Secure] <InFuture> dame tierra xd
[07Jan2025 00:00:56.827] [Server thread/INFO] [net.minecraft.server.MinecraftServer/]: [Asso0912: Teleported Asso0912 to -149.500000, 160.500000, 51.500000]
[07Jan2025 00:00:59.940] [Server thread/INFO] [net.minecraft.server.MinecraftServer/]: [Not Secure] <Asso0912> zzz?
[07Jan2025 00:01:07.020] [Server thread/INFO] [net.minecraft.server.MinecraftServer/]: [Not Secure] <InFuture> deja relleno
[07Jan2025 00:02:04.923] [Server thread/INFO] [net.minecraft.server.MinecraftServer/]: [InFuture: Teleported InFuture to -168.500000, 159.500000, 61.500000]
[07Jan2025 00:02:08.860] [Server thread/INFO] [net.minecraft.server.MinecraftServer/]: [Not Secure] <InFuture> me das mas tierra?
[07Jan2025 00:02:24.714] [Server thread/INFO] [net.minecraft.server.MinecraftServer/]: [Not Secure] <InFuture> wwww}
[07Jan2025 00:03:03.481] [Server thread/INFO] [net.minecraft.server.MinecraftServer/]: [Not Secure] <InFuture> ya la agrre
[07Jan2025 00:03:07.276] [Server thread/INFO] [net.minecraft.server.MinecraftServer/]: [InFuture: Teleported InFuture to 64.500000, 88.500000, -36.500000]
[07Jan2025 00:03:10.510] [Server thread/INFO] [net.minecraft.server.MinecraftServer/]: Asso0912 was slain by Dread Hound
[07Jan2025 00:03:13.760] [Server thread/INFO] [net.minecraft.server.MinecraftServer/]: [InFuture: Teleported InFuture to Asso0912]
[07Jan2025 00:03:14.345] [Server thread/INFO] [Scaling Health/]: Player lost 0.00 heart crystal(s)
[07Jan2025 00:03:14.345] [Server thread/INFO] [Scaling Health/]: Player lost 0.00 difficulty
[07Jan2025 00:03:23.868] [Server thread/INFO] [net.minecraft.server.MinecraftServer/]: [Not Secure] <Asso0912> que paso
[07Jan2025 00:03:28.629] [Server thread/INFO] [net.minecraft.server.MinecraftServer/]: [Not Secure] <InFuture> te mato un chucho
[07Jan2025 00:03:35.759] [Server thread/INFO] [net.minecraft.server.MinecraftServer/]: [Not Secure] <Asso0912> y que hacia aca
[07Jan2025 00:03:41.422] [Server thread/INFO] [net.minecraft.server.MinecraftServer/]: [Not Secure] <InFuture> al saber
[07Jan2025 00:03:45.219] [Server thread/INFO] [net.minecraft.server.MinecraftServer/]: [InFuture: Teleported InFuture to 68.500000, 88.500000, -46.500000]
[07Jan2025 00:03:46.584] [Server thread/INFO] [net.minecraft.server.MinecraftServer/]: [Not Secure] <Asso0912> no tengo armadura xd
[07Jan2025 00:03:59.294] [Server thread/INFO] [net.minecraft.server.MinecraftServer/]: [Not Secure] <InFuture> xd
[07Jan2025 00:04:51.319] [Server thread/INFO] [net.minecraft.server.MinecraftServer/]: [InFuture: Teleported InFuture to -1.500000, 63.500000, -55.500000]
[07Jan2025 00:04:55.220] [Server thread/INFO] [net.minecraft.server.MinecraftServer/]: [InFuture: Teleported InFuture to 69.500000, 88.500000, -46.500000]
[07Jan2025 00:05:35.429] [Server thread/INFO] [net.minecraft.server.MinecraftServer/]: [Not Secure] <Asso0912> al fin
[07Jan2025 00:05:39.465] [Server thread/INFO] [net.minecraft.server.MinecraftServer/]: [Not Secure] <InFuture> que cosa
[07Jan2025 00:05:44.245] [Server thread/INFO] [net.minecraft.server.MinecraftServer/]: [Not Secure] <Asso0912> rellene esta parte xd
[07Jan2025 00:05:49.863] [Server thread/INFO] [net.minecraft.server.MinecraftServer/]: [Not Secure] <InFuture> xd
[07Jan2025 00:05:55.178] [Server thread/INFO] [net.minecraft.server.MinecraftServer/]: [Not Secure] <Asso0912> a hacer una estufa
[07Jan2025 00:06:14.935] [Server thread/INFO] [net.minecraft.server.MinecraftServer/]: [Not Secure] <InFuture> tu pala xd
[07Jan2025 00:06:21.069] [Server thread/INFO] [net.minecraft.server.MinecraftServer/]: [InFuture: Teleported InFuture to Asso0912]
[07Jan2025 00:06:31.509] [Server thread/INFO] [net.minecraft.server.MinecraftServer/]: [InFuture: Teleported InFuture to 74.500000, 88.500000, -28.500000]
[07Jan2025 00:06:33.376] [Server thread/INFO] [net.minecraft.server.MinecraftServer/]: [Not Secure] <InFuture> grx
[07Jan2025 00:07:47.166] [Server thread/INFO] [net.minecraft.server.MinecraftServer/]: Asso0912 has made the advancement [Let's Get Baking!]
